<?xml version="1.0" encoding="UTF-8"?>
<testng-results ignored="0" total="17" passed="15" failed="2" skipped="0">
  <reporter-output>
  </reporter-output>
  <suite started-at="2022-01-20T08:19:46 PST" name="Default suite" finished-at="2022-01-20T08:19:48 PST" duration-ms="1779">
    <groups>
    </groups>
    <test started-at="2022-01-20T08:19:46 PST" name="Default test" finished-at="2022-01-20T08:19:48 PST" duration-ms="1779">
      <class name="com.qa.Testcases.GET">
        <test-method is-config="true" signature="getapirequest()[pri:0, instance:com.qa.Testcases.GET@3e84448c]" started-at="2022-01-20T08:19:46 PST" name="getapirequest" finished-at="2022-01-20T08:19:47 PST" duration-ms="628" status="PASS">
          <reporter-output>
          </reporter-output>
        </test-method> <!-- getapirequest -->
        <test-method signature="arraysizevalidation()[pri:0, instance:com.qa.Testcases.GET@3e84448c]" started-at="2022-01-20T08:19:47 PST" name="arraysizevalidation" finished-at="2022-01-20T08:19:47 PST" duration-ms="17" status="PASS">
          <reporter-output>
          </reporter-output>
        </test-method> <!-- arraysizevalidation -->
        <test-method signature="getheader(java.lang.String)[pri:0, instance:com.qa.Testcases.GET@3e84448c]" started-at="2022-01-20T08:19:47 PST" name="getheader" data-provider="DP4" finished-at="2022-01-20T08:19:47 PST" duration-ms="1" status="PASS">
          <params>
            <param index="0">
              <value>
                <![CDATA[application/json; charset=utf-8]]>
              </value>
            </param>
          </params>
          <reporter-output>
          </reporter-output>
        </test-method> <!-- getheader -->
        <test-method signature="getstatuscode()[pri:0, instance:com.qa.Testcases.GET@3e84448c]" started-at="2022-01-20T08:19:47 PST" name="getstatuscode" finished-at="2022-01-20T08:19:47 PST" duration-ms="1" status="PASS">
          <reporter-output>
          </reporter-output>
        </test-method> <!-- getstatuscode -->
        <test-method signature="getuserdetails(java.lang.String,java.lang.String,java.lang.String,java.lang.String,java.lang.String)[pri:0, instance:com.qa.Testcases.GET@3e84448c]" started-at="2022-01-20T08:19:47 PST" name="getuserdetails" data-provider="DP1" finished-at="2022-01-20T08:19:47 PST" duration-ms="1" status="PASS">
          <params>
            <param index="0">
              <value>
                <![CDATA[1]]>
              </value>
            </param>
            <param index="1">
              <value>
                <![CDATA[George]]>
              </value>
            </param>
            <param index="2">
              <value>
                <![CDATA[Bluth]]>
              </value>
            </param>
            <param index="3">
              <value>
                <![CDATA[george.bluth@reqres.in]]>
              </value>
            </param>
            <param index="4">
              <value>
                <![CDATA[https://reqres.in/img/faces/1-image.jpg]]>
              </value>
            </param>
          </params>
          <reporter-output>
          </reporter-output>
        </test-method> <!-- getuserdetails -->
        <test-method signature="getuserdetails(java.lang.String,java.lang.String,java.lang.String,java.lang.String,java.lang.String)[pri:0, instance:com.qa.Testcases.GET@3e84448c]" started-at="2022-01-20T08:19:47 PST" name="getuserdetails" data-provider="DP1" finished-at="2022-01-20T08:19:47 PST" duration-ms="2" status="PASS">
          <params>
            <param index="0">
              <value>
                <![CDATA[2]]>
              </value>
            </param>
            <param index="1">
              <value>
                <![CDATA[Janet]]>
              </value>
            </param>
            <param index="2">
              <value>
                <![CDATA[Weaver]]>
              </value>
            </param>
            <param index="3">
              <value>
                <![CDATA[janet.weaver@reqres.in]]>
              </value>
            </param>
            <param index="4">
              <value>
                <![CDATA[https://reqres.in/img/faces/2-image.jpg]]>
              </value>
            </param>
          </params>
          <reporter-output>
          </reporter-output>
        </test-method> <!-- getuserdetails -->
        <test-method signature="getuserdetails(java.lang.String,java.lang.String,java.lang.String,java.lang.String,java.lang.String)[pri:0, instance:com.qa.Testcases.GET@3e84448c]" started-at="2022-01-20T08:19:47 PST" name="getuserdetails" data-provider="DP1" finished-at="2022-01-20T08:19:47 PST" duration-ms="1" status="PASS">
          <params>
            <param index="0">
              <value>
                <![CDATA[3]]>
              </value>
            </param>
            <param index="1">
              <value>
                <![CDATA[Emma]]>
              </value>
            </param>
            <param index="2">
              <value>
                <![CDATA[Wong]]>
              </value>
            </param>
            <param index="3">
              <value>
                <![CDATA[emma.wong@reqres.in]]>
              </value>
            </param>
            <param index="4">
              <value>
                <![CDATA[https://reqres.in/img/faces/3-image.jpg]]>
              </value>
            </param>
          </params>
          <reporter-output>
          </reporter-output>
        </test-method> <!-- getuserdetails -->
        <test-method signature="getuserdetails(java.lang.String,java.lang.String,java.lang.String,java.lang.String,java.lang.String)[pri:0, instance:com.qa.Testcases.GET@3e84448c]" started-at="2022-01-20T08:19:47 PST" name="getuserdetails" data-provider="DP1" finished-at="2022-01-20T08:19:47 PST" duration-ms="1" status="PASS">
          <params>
            <param index="0">
              <value>
                <![CDATA[4]]>
              </value>
            </param>
            <param index="1">
              <value>
                <![CDATA[Eve]]>
              </value>
            </param>
            <param index="2">
              <value>
                <![CDATA[Holt]]>
              </value>
            </param>
            <param index="3">
              <value>
                <![CDATA[eve.holt@reqres.in]]>
              </value>
            </param>
            <param index="4">
              <value>
                <![CDATA[https://reqres.in/img/faces/4-image.jpg]]>
              </value>
            </param>
          </params>
          <reporter-output>
          </reporter-output>
        </test-method> <!-- getuserdetails -->
        <test-method signature="getuserdetails(java.lang.String,java.lang.String,java.lang.String,java.lang.String,java.lang.String)[pri:0, instance:com.qa.Testcases.GET@3e84448c]" started-at="2022-01-20T08:19:47 PST" name="getuserdetails" data-provider="DP1" finished-at="2022-01-20T08:19:47 PST" duration-ms="1" status="PASS">
          <params>
            <param index="0">
              <value>
                <![CDATA[5]]>
              </value>
            </param>
            <param index="1">
              <value>
                <![CDATA[Charles]]>
              </value>
            </param>
            <param index="2">
              <value>
                <![CDATA[Morris]]>
              </value>
            </param>
            <param index="3">
              <value>
                <![CDATA[charles.morris@reqres.in]]>
              </value>
            </param>
            <param index="4">
              <value>
                <![CDATA[https://reqres.in/img/faces/5-image.jpg]]>
              </value>
            </param>
          </params>
          <reporter-output>
          </reporter-output>
        </test-method> <!-- getuserdetails -->
        <test-method signature="getuserdetails(java.lang.String,java.lang.String,java.lang.String,java.lang.String,java.lang.String)[pri:0, instance:com.qa.Testcases.GET@3e84448c]" started-at="2022-01-20T08:19:47 PST" name="getuserdetails" data-provider="DP1" finished-at="2022-01-20T08:19:47 PST" duration-ms="2" status="PASS">
          <params>
            <param index="0">
              <value>
                <![CDATA[6]]>
              </value>
            </param>
            <param index="1">
              <value>
                <![CDATA[Tracey]]>
              </value>
            </param>
            <param index="2">
              <value>
                <![CDATA[Ramos]]>
              </value>
            </param>
            <param index="3">
              <value>
                <![CDATA[tracey.ramos@reqres.in]]>
              </value>
            </param>
            <param index="4">
              <value>
                <![CDATA[https://reqres.in/img/faces/6-image.jpg]]>
              </value>
            </param>
          </params>
          <reporter-output>
          </reporter-output>
        </test-method> <!-- getuserdetails -->
        <test-method signature="nonuserstatuscode()[pri:0, instance:com.qa.Testcases.GET@3e84448c]" started-at="2022-01-20T08:19:47 PST" name="nonuserstatuscode" finished-at="2022-01-20T08:19:47 PST" duration-ms="1" status="PASS">
          <reporter-output>
          </reporter-output>
        </test-method> <!-- nonuserstatuscode -->
        <test-method signature="nonusertesting(java.lang.String)[pri:0, instance:com.qa.Testcases.GET@3e84448c]" started-at="2022-01-20T08:19:47 PST" name="nonusertesting" data-provider="DP3" finished-at="2022-01-20T08:19:47 PST" duration-ms="433" status="FAIL">
          <params>
            <param index="0">
              <value>
                <![CDATA[100]]>
              </value>
            </param>
          </params>
          <exception class="java.lang.AssertionError">
            <message>
              <![CDATA[expected [404] but found [200]]]>
            </message>
            <full-stacktrace>
              <![CDATA[java.lang.AssertionError: expected [404] but found [200]
at org.testng.Assert.fail(Assert.java:99)
at org.testng.Assert.failNotEquals(Assert.java:1037)
at org.testng.Assert.assertEqualsImpl(Assert.java:140)
at org.testng.Assert.assertEquals(Assert.java:122)
at org.testng.Assert.assertEquals(Assert.java:907)
at org.testng.Assert.assertEquals(Assert.java:917)
at com.qa.Testcases.GET.nonusertesting(GET.java:126)
at java.base/jdk.internal.reflect.NativeMethodAccessorImpl.invoke0(Native Method)
at java.base/jdk.internal.reflect.NativeMethodAccessorImpl.invoke(NativeMethodAccessorImpl.java:78)
at java.base/jdk.internal.reflect.DelegatingMethodAccessorImpl.invoke(DelegatingMethodAccessorImpl.java:43)
at java.base/java.lang.reflect.Method.invoke(Method.java:567)
at org.testng.internal.MethodInvocationHelper.invokeMethod(MethodInvocationHelper.java:133)
at org.testng.internal.TestInvoker.invokeMethod(TestInvoker.java:598)
at org.testng.internal.TestInvoker.invokeTestMethod(TestInvoker.java:173)
at org.testng.internal.MethodRunner.runInSequence(MethodRunner.java:46)
at org.testng.internal.TestInvoker$MethodInvocationAgent.invoke(TestInvoker.java:824)
at org.testng.internal.TestInvoker.invokeTestMethods(TestInvoker.java:146)
at org.testng.internal.TestMethodWorker.invokeTestMethods(TestMethodWorker.java:146)
at org.testng.internal.TestMethodWorker.run(TestMethodWorker.java:128)
at java.base/java.util.ArrayList.forEach(ArrayList.java:1511)
at org.testng.TestRunner.privateRun(TestRunner.java:794)
at org.testng.TestRunner.run(TestRunner.java:596)
at org.testng.SuiteRunner.runTest(SuiteRunner.java:377)
at org.testng.SuiteRunner.runSequentially(SuiteRunner.java:371)
at org.testng.SuiteRunner.privateRun(SuiteRunner.java:332)
at org.testng.SuiteRunner.run(SuiteRunner.java:276)
at org.testng.SuiteRunnerWorker.runSuite(SuiteRunnerWorker.java:53)
at org.testng.SuiteRunnerWorker.run(SuiteRunnerWorker.java:96)
at org.testng.TestNG.runSuitesSequentially(TestNG.java:1212)
at org.testng.TestNG.runSuitesLocally(TestNG.java:1134)
at org.testng.TestNG.runSuites(TestNG.java:1063)
at org.testng.TestNG.run(TestNG.java:1031)
at org.testng.remote.AbstractRemoteTestNG.run(AbstractRemoteTestNG.java:115)
at org.testng.remote.RemoteTestNG.initAndRun(RemoteTestNG.java:251)
at org.testng.remote.RemoteTestNG.main(RemoteTestNG.java:77)
]]>
            </full-stacktrace>
          </exception> <!-- java.lang.AssertionError -->
          <reporter-output>
          </reporter-output>
        </test-method> <!-- nonusertesting -->
        <test-method signature="nonusertesting(java.lang.String)[pri:0, instance:com.qa.Testcases.GET@3e84448c]" started-at="2022-01-20T08:19:47 PST" name="nonusertesting" data-provider="DP3" finished-at="2022-01-20T08:19:48 PST" duration-ms="404" status="FAIL">
          <params>
            <param index="0">
              <value>
                <![CDATA[150]]>
              </value>
            </param>
          </params>
          <exception class="java.lang.AssertionError">
            <message>
              <![CDATA[expected [404] but found [200]]]>
            </message>
            <full-stacktrace>
              <![CDATA[java.lang.AssertionError: expected [404] but found [200]
at org.testng.Assert.fail(Assert.java:99)
at org.testng.Assert.failNotEquals(Assert.java:1037)
at org.testng.Assert.assertEqualsImpl(Assert.java:140)
at org.testng.Assert.assertEquals(Assert.java:122)
at org.testng.Assert.assertEquals(Assert.java:907)
at org.testng.Assert.assertEquals(Assert.java:917)
at com.qa.Testcases.GET.nonusertesting(GET.java:126)
at java.base/jdk.internal.reflect.NativeMethodAccessorImpl.invoke0(Native Method)
at java.base/jdk.internal.reflect.NativeMethodAccessorImpl.invoke(NativeMethodAccessorImpl.java:78)
at java.base/jdk.internal.reflect.DelegatingMethodAccessorImpl.invoke(DelegatingMethodAccessorImpl.java:43)
at java.base/java.lang.reflect.Method.invoke(Method.java:567)
at org.testng.internal.MethodInvocationHelper.invokeMethod(MethodInvocationHelper.java:133)
at org.testng.internal.TestInvoker.invokeMethod(TestInvoker.java:598)
at org.testng.internal.TestInvoker.invokeTestMethod(TestInvoker.java:173)
at org.testng.internal.MethodRunner.runInSequence(MethodRunner.java:46)
at org.testng.internal.TestInvoker$MethodInvocationAgent.invoke(TestInvoker.java:824)
at org.testng.internal.TestInvoker.invokeTestMethods(TestInvoker.java:146)
at org.testng.internal.TestMethodWorker.invokeTestMethods(TestMethodWorker.java:146)
at org.testng.internal.TestMethodWorker.run(TestMethodWorker.java:128)
at java.base/java.util.ArrayList.forEach(ArrayList.java:1511)
at org.testng.TestRunner.privateRun(TestRunner.java:794)
at org.testng.TestRunner.run(TestRunner.java:596)
at org.testng.SuiteRunner.runTest(SuiteRunner.java:377)
at org.testng.SuiteRunner.runSequentially(SuiteRunner.java:371)
at org.testng.SuiteRunner.privateRun(SuiteRunner.java:332)
at org.testng.SuiteRunner.run(SuiteRunner.java:276)
at org.testng.SuiteRunnerWorker.runSuite(SuiteRunnerWorker.java:53)
at org.testng.SuiteRunnerWorker.run(SuiteRunnerWorker.java:96)
at org.testng.TestNG.runSuitesSequentially(TestNG.java:1212)
at org.testng.TestNG.runSuitesLocally(TestNG.java:1134)
at org.testng.TestNG.runSuites(TestNG.java:1063)
at org.testng.TestNG.run(TestNG.java:1031)
at org.testng.remote.AbstractRemoteTestNG.run(AbstractRemoteTestNG.java:115)
at org.testng.remote.RemoteTestNG.initAndRun(RemoteTestNG.java:251)
at org.testng.remote.RemoteTestNG.main(RemoteTestNG.java:77)
]]>
            </full-stacktrace>
          </exception> <!-- java.lang.AssertionError -->
          <reporter-output>
          </reporter-output>
        </test-method> <!-- nonusertesting -->
        <test-method signature="pagevalidation()[pri:0, instance:com.qa.Testcases.GET@3e84448c]" started-at="2022-01-20T08:19:48 PST" name="pagevalidation" finished-at="2022-01-20T08:19:48 PST" duration-ms="2" status="PASS">
          <reporter-output>
          </reporter-output>
        </test-method> <!-- pagevalidation -->
        <test-method signature="per_pagevalidation()[pri:0, instance:com.qa.Testcases.GET@3e84448c]" started-at="2022-01-20T08:19:48 PST" name="per_pagevalidation" finished-at="2022-01-20T08:19:48 PST" duration-ms="1" status="PASS">
          <reporter-output>
          </reporter-output>
        </test-method> <!-- per_pagevalidation -->
        <test-method signature="respphrasevalidation(java.lang.String)[pri:0, instance:com.qa.Testcases.GET@3e84448c]" started-at="2022-01-20T08:19:48 PST" name="respphrasevalidation" data-provider="DP2" finished-at="2022-01-20T08:19:48 PST" duration-ms="0" status="PASS">
          <params>
            <param index="0">
              <value>
                <![CDATA[OK]]>
              </value>
            </param>
          </params>
          <reporter-output>
          </reporter-output>
        </test-method> <!-- respphrasevalidation -->
        <test-method signature="total_pagesvalidation()[pri:0, instance:com.qa.Testcases.GET@3e84448c]" started-at="2022-01-20T08:19:48 PST" name="total_pagesvalidation" finished-at="2022-01-20T08:19:48 PST" duration-ms="1" status="PASS">
          <reporter-output>
          </reporter-output>
        </test-method> <!-- total_pagesvalidation -->
        <test-method signature="totalvalidation()[pri:0, instance:com.qa.Testcases.GET@3e84448c]" started-at="2022-01-20T08:19:48 PST" name="totalvalidation" finished-at="2022-01-20T08:19:48 PST" duration-ms="1" status="PASS">
          <reporter-output>
          </reporter-output>
        </test-method> <!-- totalvalidation -->
      </class> <!-- com.qa.Testcases.GET -->
    </test> <!-- Default test -->
  </suite> <!-- Default suite -->
</testng-results>
